Requirement already satisfied: fastapi==0.114.2 in ./.venv/lib/python3.12/site-packages (from -r requirements.txt (line 1)) (0.114.2)
Requirement already satisfied: uvicorn==0.31.1 in ./.venv/lib/python3.12/site-packages (from uvicorn[standard]==0.31.1->-r requirements.txt (line 2)) (0.31.1)
Requirement already satisfied: httpx==0.27.2 in ./.venv/lib/python3.12/site-packages (from -r requirements.txt (line 3)) (0.27.2)
Requirement already satisfied: starlette<0.39.0,>=0.37.2 in ./.venv/lib/python3.12/site-packages (from fastapi==0.114.2->-r requirements.txt (line 1)) (0.38.6)
Requirement already satisfied: pydantic!=1.8,!=1.8.1,!=2.0.0,!=2.0.1,!=2.1.0,<3.0.0,>=1.7.4 in ./.venv/lib/python3.12/site-packages (from fastapi==0.114.2->-r requirements.txt (line 1)) (2.12.3)
Requirement already satisfied: typing-extensions>=4.8.0 in ./.venv/lib/python3.12/site-packages (from fastapi==0.114.2->-r requirements.txt (line 1)) (4.15.0)
Requirement already satisfied: click>=7.0 in ./.venv/lib/python3.12/site-packages (from uvicorn==0.31.1->uvicorn[standard]==0.31.1->-r requirements.txt (line 2)) (8.3.0)
Requirement already satisfied: h11>=0.8 in ./.venv/lib/python3.12/site-packages (from uvicorn==0.31.1->uvicorn[standard]==0.31.1->-r requirements.txt (line 2)) (0.16.0)
Requirement already satisfied: anyio in ./.venv/lib/python3.12/site-packages (from httpx==0.27.2->-r requirements.txt (line 3)) (4.11.0)
Requirement already satisfied: certifi in ./.venv/lib/python3.12/site-packages (from httpx==0.27.2->-r requirements.txt (line 3)) (2025.10.5)
Requirement already satisfied: httpcore==1.* in ./.venv/lib/python3.12/site-packages (from httpx==0.27.2->-r requirements.txt (line 3)) (1.0.9)
Requirement already satisfied: idna in ./.venv/lib/python3.12/site-packages (from httpx==0.27.2->-r requirements.txt (line 3)) (3.11)
Requirement already satisfied: sniffio in ./.venv/lib/python3.12/site-packages (from httpx==0.27.2->-r requirements.txt (line 3)) (1.3.1)
Requirement already satisfied: httptools>=0.5.0 in ./.venv/lib/python3.12/site-packages (from uvicorn[standard]==0.31.1->-r requirements.txt (line 2)) (0.7.1)
Requirement already satisfied: python-dotenv>=0.13 in ./.venv/lib/python3.12/site-packages (from uvicorn[standard]==0.31.1->-r requirements.txt (line 2)) (1.2.1)
Requirement already satisfied: pyyaml>=5.1 in ./.venv/lib/python3.12/site-packages (from uvicorn[standard]==0.31.1->-r requirements.txt (line 2)) (6.0.3)
Requirement already satisfied: uvloop!=0.15.0,!=0.15.1,>=0.14.0 in ./.venv/lib/python3.12/site-packages (from uvicorn[standard]==0.31.1->-r requirements.txt (line 2)) (0.22.1)
Requirement already satisfied: watchfiles>=0.13 in ./.venv/lib/python3.12/site-packages (from uvicorn[standard]==0.31.1->-r requirements.txt (line 2)) (1.1.1)
Requirement already satisfied: websockets>=10.4 in ./.venv/lib/python3.12/site-packages (from uvicorn[standard]==0.31.1->-r requirements.txt (line 2)) (15.0.1)
Requirement already satisfied: annotated-types>=0.6.0 in ./.venv/lib/python3.12/site-packages (from pydantic!=1.8,!=1.8.1,!=2.0.0,!=2.0.1,!=2.1.0,<3.0.0,>=1.7.4->fastapi==0.114.2->-r requirements.txt (line 1)) (0.7.0)
Requirement already satisfied: pydantic-core==2.41.4 in ./.venv/lib/python3.12/site-packages (from pydantic!=1.8,!=1.8.1,!=2.0.0,!=2.0.1,!=2.1.0,<3.0.0,>=1.7.4->fastapi==0.114.2->-r requirements.txt (line 1)) (2.41.4)
Requirement already satisfied: typing-inspection>=0.4.2 in ./.venv/lib/python3.12/site-packages (from pydantic!=1.8,!=1.8.1,!=2.0.0,!=2.0.1,!=2.1.0,<3.0.0,>=1.7.4->fastapi==0.114.2->-r requirements.txt (line 1)) (0.4.2)
INFO:     Started server process [237589]
INFO:     Waiting for application startup.
INFO:     Application startup complete.
INFO:     Uvicorn running on http://127.0.0.1:9001 (Press CTRL+C to quit)
INFO:     127.0.0.1:34978 - "GET / HTTP/1.1" 304 Not Modified
INFO:     127.0.0.1:34978 - "GET /.well-known/appspecific/com.chrome.devtools.json HTTP/1.1" 404 Not Found
INFO:     127.0.0.1:34988 - "POST /api/chat HTTP/1.1" 200 OK
